<?xml version="1.0" encoding="UTF-8"?>
<coverage generated="1761675901736" clover="3.2.0">
  <project timestamp="1761675901736" name="All files">
    <metrics statements="43" coveredstatements="43" conditionals="5" coveredconditionals="2" methods="7" coveredmethods="7" elements="55" coveredelements="52" complexity="0" loc="43" ncloc="43" packages="1" files="1" classes="1"/>
    <file name="e2e-utils.ts" path="/home/fabrizio/Escritorio/SeminarioIntegrador2025/backend/test/e2e-utils.ts">
      <metrics statements="43" coveredstatements="43" conditionals="5" coveredconditionals="2" methods="7" coveredmethods="7"/>
      <line num="2" count="5" type="stmt"/>
      <line num="3" count="5" type="stmt"/>
      <line num="4" count="5" type="stmt"/>
      <line num="5" count="5" type="stmt"/>
      <line num="6" count="5" type="stmt"/>
      <line num="7" count="5" type="stmt"/>
      <line num="8" count="5" type="stmt"/>
      <line num="9" count="5" type="stmt"/>
      <line num="10" count="5" type="stmt"/>
      <line num="11" count="5" type="stmt"/>
      <line num="12" count="5" type="stmt"/>
      <line num="14" count="5" type="stmt"/>
      <line num="15" count="5" type="stmt"/>
      <line num="19" count="5" type="stmt"/>
      <line num="20" count="5" type="stmt"/>
      <line num="21" count="5" type="stmt"/>
      <line num="22" count="5" type="stmt"/>
      <line num="25" count="5" type="stmt"/>
      <line num="26" count="6" type="stmt"/>
      <line num="27" count="6" type="stmt"/>
      <line num="36" count="6" type="cond" truecount="1" falsecount="0"/>
      <line num="37" count="6" type="stmt"/>
      <line num="39" count="6" type="stmt"/>
      <line num="42" count="5" type="cond" truecount="0" falsecount="1"/>
      <line num="43" count="3" type="stmt"/>
      <line num="44" count="3" type="stmt"/>
      <line num="51" count="3" type="stmt"/>
      <line num="54" count="5" type="stmt"/>
      <line num="55" count="1" type="stmt"/>
      <line num="56" count="1" type="stmt"/>
      <line num="57" count="1" type="stmt"/>
      <line num="59" count="1" type="stmt"/>
      <line num="60" count="1" type="stmt"/>
      <line num="61" count="1" type="stmt"/>
      <line num="62" count="1" type="stmt"/>
      <line num="65" count="5" type="cond" truecount="0" falsecount="1"/>
      <line num="66" count="1" type="stmt"/>
      <line num="67" count="1" type="stmt"/>
      <line num="70" count="5" type="stmt"/>
      <line num="71" count="1" type="stmt"/>
      <line num="74" count="5" type="stmt"/>
      <line num="75" count="5" type="stmt"/>
      <line num="79" count="5" type="stmt"/>
    </file>
  </project>
</coverage>
