{"/home/fabrizio/Escritorio/SeminarioIntegrador2025/backend/test/e2e-utils.ts": {"path":"/home/fabrizio/Escritorio/SeminarioIntegrador2025/backend/test/e2e-utils.ts","statementMap":{"0":{"start":{"line":14,"column":0},"end":{"line":14,"column":7}},"1":{"start":{"line":25,"column":0},"end":{"line":25,"column":7}},"2":{"start":{"line":42,"column":0},"end":{"line":42,"column":7}},"3":{"start":{"line":54,"column":0},"end":{"line":54,"column":7}},"4":{"start":{"line":65,"column":0},"end":{"line":65,"column":7}},"5":{"start":{"line":70,"column":0},"end":{"line":70,"column":7}},"6":{"start":{"line":74,"column":0},"end":{"line":74,"column":7}},"7":{"start":{"line":2,"column":0},"end":{"line":2,"column":54}},"8":{"start":{"line":3,"column":0},"end":{"line":3,"column":37}},"9":{"start":{"line":4,"column":0},"end":{"line":4,"column":32}},"10":{"start":{"line":5,"column":0},"end":{"line":5,"column":33}},"11":{"start":{"line":6,"column":0},"end":{"line":6,"column":46}},"12":{"start":{"line":7,"column":0},"end":{"line":7,"column":56}},"13":{"start":{"line":8,"column":0},"end":{"line":8,"column":65}},"14":{"start":{"line":9,"column":0},"end":{"line":9,"column":65}},"15":{"start":{"line":10,"column":0},"end":{"line":10,"column":79}},"16":{"start":{"line":11,"column":0},"end":{"line":11,"column":80}},"17":{"start":{"line":12,"column":0},"end":{"line":12,"column":89}},"18":{"start":{"line":15,"column":39},"end":{"line":17,"column":14}},"19":{"start":{"line":19,"column":14},"end":{"line":19,"column":51}},"20":{"start":{"line":20,"column":2},"end":{"line":20,"column":19}},"21":{"start":{"line":21,"column":21},"end":{"line":21,"column":40}},"22":{"start":{"line":22,"column":2},"end":{"line":22,"column":29}},"23":{"start":{"line":26,"column":15},"end":{"line":26,"column":37}},"24":{"start":{"line":27,"column":17},"end":{"line":35,"column":11}},"25":{"start":{"line":36,"column":2},"end":{"line":38,"column":3}},"26":{"start":{"line":37,"column":5},"end":{"line":37,"column":80}},"27":{"start":{"line":39,"column":2},"end":{"line":39,"column":34}},"28":{"start":{"line":43,"column":15},"end":{"line":43,"column":40}},"29":{"start":{"line":44,"column":17},"end":{"line":50,"column":11}},"30":{"start":{"line":51,"column":2},"end":{"line":51,"column":34}},"31":{"start":{"line":55,"column":22},"end":{"line":55,"column":47}},"32":{"start":{"line":56,"column":20},"end":{"line":56,"column":50}},"33":{"start":{"line":57,"column":19},"end":{"line":57,"column":48}},"34":{"start":{"line":59,"column":18},"end":{"line":59,"column":124}},"35":{"start":{"line":60,"column":18},"end":{"line":60,"column":125}},"36":{"start":{"line":61,"column":15},"end":{"line":61,"column":103}},"37":{"start":{"line":62,"column":2},"end":{"line":62,"column":36}},"38":{"start":{"line":66,"column":15},"end":{"line":66,"column":51}},"39":{"start":{"line":67,"column":2},"end":{"line":67,"column":96}},"40":{"start":{"line":71,"column":2},"end":{"line":71,"column":86}},"41":{"start":{"line":75,"column":14},"end":{"line":78,"column":16}},"42":{"start":{"line":79,"column":2},"end":{"line":79,"column":57}}},"fnMap":{"0":{"name":"createE2EApp","decl":{"start":{"line":14,"column":22},"end":{"line":14,"column":34}},"loc":{"start":{"line":14,"column":34},"end":{"line":23,"column":1}}},"1":{"name":"seedUser","decl":{"start":{"line":25,"column":22},"end":{"line":25,"column":30}},"loc":{"start":{"line":25,"column":93},"end":{"line":40,"column":1}}},"2":{"name":"seedMateria","decl":{"start":{"line":42,"column":22},"end":{"line":42,"column":33}},"loc":{"start":{"line":42,"column":80},"end":{"line":52,"column":1}}},"3":{"name":"seedEstructuraAcademica","decl":{"start":{"line":54,"column":22},"end":{"line":54,"column":45}},"loc":{"start":{"line":54,"column":60},"end":{"line":63,"column":1}}},"4":{"name":"linkMateriaAPlan","decl":{"start":{"line":65,"column":22},"end":{"line":65,"column":38}},"loc":{"start":{"line":65,"column":101},"end":{"line":68,"column":1}}},"5":{"name":"asignarPlanAUsuario","decl":{"start":{"line":70,"column":22},"end":{"line":70,"column":41}},"loc":{"start":{"line":70,"column":88},"end":{"line":72,"column":1}}},"6":{"name":"login","decl":{"start":{"line":74,"column":22},"end":{"line":74,"column":27}},"loc":{"start":{"line":74,"column":87},"end":{"line":80,"column":1}}}},"branchMap":{"0":{"loc":{"start":{"line":36,"column":2},"end":{"line":38,"column":3}},"type":"if","locations":[{"start":{"line":36,"column":2},"end":{"line":38,"column":3}}]},"1":{"loc":{"start":{"line":42,"column":50},"end":{"line":42,"column":80}},"type":"default-arg","locations":[{"start":{"line":42,"column":78},"end":{"line":42,"column":80}}]},"2":{"loc":{"start":{"line":65,"column":92},"end":{"line":65,"column":101}},"type":"default-arg","locations":[{"start":{"line":65,"column":100},"end":{"line":65,"column":101}}]},"3":{"loc":{"start":{"line":77,"column":10},"end":{"line":77,"column":103}},"type":"cond-expr","locations":[{"start":{"line":77,"column":37},"end":{"line":77,"column":68}},{"start":{"line":77,"column":71},"end":{"line":77,"column":103}}]}},"s":{"0":5,"1":5,"2":5,"3":5,"4":5,"5":5,"6":5,"7":5,"8":5,"9":5,"10":5,"11":5,"12":5,"13":5,"14":5,"15":5,"16":5,"17":5,"18":5,"19":5,"20":5,"21":5,"22":5,"23":6,"24":6,"25":6,"26":6,"27":6,"28":3,"29":3,"30":3,"31":1,"32":1,"33":1,"34":1,"35":1,"36":1,"37":1,"38":1,"39":1,"40":1,"41":5,"42":5},"f":{"0":5,"1":6,"2":3,"3":1,"4":1,"5":1,"6":5},"b":{"0":[6],"1":[0],"2":[0],"3":[5,0]}}
}
