TN:
SF:test/e2e-utils.ts
FN:14,createE2EApp
FN:25,seedUser
FN:42,seedMateria
FN:54,seedEstructuraAcademica
FN:65,linkMateriaAPlan
FN:70,asignarPlanAUsuario
FN:74,login
FNF:7
FNH:7
FNDA:5,createE2EApp
FNDA:6,seedUser
FNDA:3,seedMateria
FNDA:1,seedEstructuraAcademica
FNDA:1,linkMateriaAPlan
FNDA:1,asignarPlanAUsuario
FNDA:5,login
DA:2,5
DA:3,5
DA:4,5
DA:5,5
DA:6,5
DA:7,5
DA:8,5
DA:9,5
DA:10,5
DA:11,5
DA:12,5
DA:14,5
DA:15,5
DA:19,5
DA:20,5
DA:21,5
DA:22,5
DA:25,5
DA:26,6
DA:27,6
DA:36,6
DA:37,6
DA:39,6
DA:42,5
DA:43,3
DA:44,3
DA:51,3
DA:54,5
DA:55,1
DA:56,1
DA:57,1
DA:59,1
DA:60,1
DA:61,1
DA:62,1
DA:65,5
DA:66,1
DA:67,1
DA:70,5
DA:71,1
DA:74,5
DA:75,5
DA:79,5
LF:43
LH:43
BRDA:36,0,0,6
BRDA:42,1,0,0
BRDA:65,2,0,0
BRDA:77,3,0,5
BRDA:77,3,1,0
BRF:5
BRH:2
end_of_record
